STATUS: PINC 0.1.0-190-g4f5f-dirty started.
PRINT(1): weights(1:1:2) = 
  [238419 238419]
PRINT(0): weights(1:1:2) = 
  [238419 238419]
STATUS: units->potential = 0.005522
STATUS: Allocating Pinc Object..
STATUS: Finding photoemission nodes..
STATUS: Computation of photoemission nodes completed!
STATUS: Photo Current Status: ON
STATUS: real photoelectron flux: 2.6999936187e+06
STATUS: Avg energy of photoelectron in Joule:3.5247890000e-19
STATUS: Radiance: 2.699994e+06
STATUS: Pinc object allocation completed!
STATUS: Computing capacitance matrix..
STATUS: Computing capacitance matrix per object
STATUS: Capacitance matrix computed!
STATUS: cutNumber = 2560 
STATUS: current for objct 0, and species 0 = 0.000000
STATUS: current for objct 0, and species 1 = 0.000000
STATUS: ====================================================
STATUS: Computing time-step 1
STATUS: Nr. of particles s=0 162560: 
STATUS: Nr. of particles s=1 162560: 
STATUS: avgVel 0.019705
*******
*******
*******
*******
*******
*******
*******
*******
*******
*******
*******
*******
*******
*******
*******
*******
*******
*******
*******
*******
*******
*******
*******
*******
*******
*******
*******
*******
*******
*******
*******
*******
*******
*******
*******
*******
*******
*******
*******
*******
*******
*******
*******
*******
*******
*******
*******
*******
*******
*******
*******
*******
*******
*******
*******
*******
*******
*******
*******
*******
*******
*******
*******
*******
*******
*******
*******
*******
*******
*******
*******
*******
*******
*******
*******
*******
*******
*******
*******
*******
*******
*******
*******
*******
*******
*******
*******
*******
*******
*******
*******
*******
*******
*******
*******
*******
*******
*******
STATUS: cutNumber = 33 
STATUS: current for objct 0, and species 0 = 0.000000
STATUS: current for objct 0, and species 1 = 0.000000
STATUS: Potential-check for object 0 : 0.000764
STATUS: total charge = 4.353166 PINC values
STATUS: Object charge = -6.875796e-13 C
STATUS: ====================================================
STATUS: Computing time-step 2
STATUS: Nr. of particles s=0 162480: 
STATUS: Nr. of particles s=1 162567: 
STATUS: avgVel 0.019705
*******
*******
*******
*******
*******
*******
*******
*******
*******
*******
*******
*******
*******
*******
*******
*******
*******
*******
*******
*******
*******
*******
*******
*******
*******
*******
*******
*******
*******
*******
*******
*******
*******
*******
*******
*******
*******
*******
*******
*******
*******
*******
*******
*******
*******
*******
*******
*******
*******
*******
*******
*******
*******
*******
*******
*******
*******
*******
*******
*******
*******
*******
*******
*******
*******
*******
*******
*******
*******
*******
*******
*******
*******
*******
*******
*******
*******
*******
*******
*******
*******
*******
*******
*******
*******
*******
*******
*******
*******
*******
*******
*******
*******
*******
*******
*******
*******
*******
STATUS: cutNumber = 32 
STATUS: current for objct 0, and species 0 = 0.000000
STATUS: current for objct 0, and species 1 = 0.000000
STATUS: Potential-check for object 0 : 0.002854
STATUS: total charge = 19.094651 PINC values
STATUS: Object charge = -1.184165e-12 C
STATUS: ====================================================
STATUS: Computing time-step 3
STATUS: Nr. of particles s=0 162397: 
STATUS: Nr. of particles s=1 162573: 
STATUS: avgVel 0.019705
*******
*******
*******
*******
*******
*******
*******
*******
*******
*******
*******
*******
*******
*******
*******
*******
*******
*******
*******
*******
*******
*******
*******
*******
*******
*******
*******
*******
*******
*******
*******
*******
*******
*******
*******
*******
*******
*******
*******
*******
*******
*******
*******
*******
*******
*******
*******
*******
*******
*******
*******
*******
*******
*******
*******
*******
*******
*******
*******
*******
*******
*******
*******
*******
*******
*******
*******
*******
*******
*******
*******
*******
*******
*******
*******
*******
*******
*******
*******
*******
*******
*******
*******
*******
*******
*******
*******
*******
*******
*******
*******
*******
*******
*******
*******
*******
*******
*******
STATUS: cutNumber = 28 
STATUS: current for objct 0, and species 0 = 0.000000
STATUS: current for objct 0, and species 1 = 0.000000
STATUS: Potential-check for object 0 : 0.004944
STATUS: total charge = 35.824459 PINC values
STATUS: Object charge = -1.527955e-12 C
STATUS: ====================================================
STATUS: Computing time-step 4
STATUS: Nr. of particles s=0 162346: 
STATUS: Nr. of particles s=1 162571: 
STATUS: avgVel 0.019705
*******
*******
*******
*******
*******
*******
*******
*******
*******
*******
*******
*******
*******
*******
*******
*******
*******
*******
*******
*******
*******
*******
*******
*******
*******
*******
*******
*******
*******
*******
*******
*******
*******
*******
*******
*******
*******
*******
*******
*******
*******
*******
*******
*******
*******
*******
*******
*******
*******
*******
*******
*******
*******
*******
*******
*******
*******
*******
*******
*******
*******
*******
*******
*******
*******
*******
*******
*******
*******
*******
*******
*******
*******
*******
*******
*******
*******
*******
*******
*******
*******
*******
*******
*******
*******
*******
*******
*******
*******
*******
*******
*******
*******
*******
*******
*******
*******
*******
STATUS: cutNumber = 20 
STATUS: current for objct 0, and species 0 = 0.000000
STATUS: current for objct 0, and species 1 = 0.000000
STATUS: Potential-check for object 0 : 0.007041
STATUS: total charge = 53.266803 PINC values
STATUS: Object charge = -1.566154e-12 C
STATUS: ====================================================
STATUS: Computing time-step 5
STATUS: Nr. of particles s=0 162309: 
STATUS: Nr. of particles s=1 162577: 
STATUS: avgVel 0.019705
*******
*******
*******
*******
*******
*******
*******
*******
*******
*******
*******
*******
*******
*******
*******
*******
*******
*******
*******
*******
*******
*******
*******
*******
*******
*******
*******
*******
*******
*******
*******
*******
*******
*******
*******
*******
*******
*******
*******
*******
*******
*******
*******
*******
*******
*******
*******
*******
*******
*******
*******
*******
*******
*******
*******
*******
*******
*******
*******
*******
*******
*******
*******
*******
*******
*******
*******
*******
*******
*******
*******
*******
*******
*******
*******
*******
*******
*******
*******
*******
*******
*******
*******
*******
*******
*******
*******
*******
*******
*******
*******
*******
*******
*******
*******
*******
*******
*******
STATUS: cutNumber = 26 
STATUS: current for objct 0, and species 0 = 0.000000
STATUS: current for objct 0, and species 1 = 0.000000
STATUS: Potential-check for object 0 : 0.009125
STATUS: total charge = 70.583658 PINC values
STATUS: Object charge = -2.062739e-12 C
STATUS: ====================================================
STATUS: Computing time-step 6
STATUS: Nr. of particles s=0 162281: 
STATUS: Nr. of particles s=1 162571: 
STATUS: avgVel 0.019705
*******
*******
*******
*******
*******
*******
*******
*******
*******
*******
*******
*******
*******
*******
*******
*******
*******
*******
*******
*******
*******
*******
*******
*******
*******
*******
*******
*******
*******
*******
*******
*******
*******
*******
*******
*******
*******
*******
*******
*******
*******
*******
*******
*******
*******
*******
*******
*******
*******
*******
*******
*******
*******
*******
*******
*******
*******
*******
*******
*******
*******
*******
*******
*******
*******
*******
*******
*******
*******
*******
*******
*******
*******
*******
*******
*******
*******
*******
*******
*******
*******
*******
*******
*******
*******
*******
*******
*******
*******
*******
*******
*******
*******
*******
*******
*******
*******
*******
STATUS: cutNumber = 34 
STATUS: current for objct 0, and species 0 = 0.000000
STATUS: current for objct 0, and species 1 = 0.000000
STATUS: Potential-check for object 0 : 0.011204
STATUS: total charge = 88.244628 PINC values
STATUS: Object charge = -2.788517e-12 C
STATUS: ====================================================
STATUS: Computing time-step 7
STATUS: Nr. of particles s=0 162212: 
STATUS: Nr. of particles s=1 162579: 
STATUS: avgVel 0.019705
*******
*******
*******
*******
*******
*******
*******
*******
*******
*******
*******
*******
*******
*******
*******
*******
*******
*******
*******
*******
*******
*******
*******
*******
*******
*******
*******
*******
*******
*******
*******
*******
*******
*******
*******
*******
*******
*******
*******
*******
*******
*******
*******
*******
*******
*******
*******
*******
*******
*******
*******
*******
*******
*******
*******
*******
*******
*******
*******
*******
*******
*******
*******
*******
*******
*******
*******
*******
*******
*******
*******
*******
*******
*******
*******
*******
*******
*******
*******
*******
*******
*******
*******
*******
*******
*******
*******
*******
*******
*******
*******
*******
*******
*******
*******
*******
*******
*******
STATUS: cutNumber = 26 
STATUS: current for objct 0, and species 0 = 0.000000
STATUS: current for objct 0, and species 1 = 0.000000
STATUS: Potential-check for object 0 : 0.013256
STATUS: total charge = 106.557202 PINC values
STATUS: Object charge = -3.208705e-12 C
STATUS: ====================================================
STATUS: Computing time-step 8
STATUS: Nr. of particles s=0 162160: 
STATUS: Nr. of particles s=1 162580: 
STATUS: avgVel 0.019705
*******
*******
*******
*******
*******
*******
*******
*******
*******
*******
*******
*******
*******
*******
*******
*******
*******
*******
*******
*******
*******
*******
*******
*******
*******
*******
*******
*******
*******
*******
*******
*******
*******
*******
*******
*******
*******
*******
*******
*******
*******
*******
*******
*******
*******
*******
*******
*******
*******
*******
*******
*******
*******
*******
*******
*******
*******
*******
*******
*******
*******
*******
*******
*******
*******
*******
*******
*******
*******
*******
*******
*******
*******
*******
*******
*******
*******
*******
*******
*******
*******
*******
*******
*******
*******
*******
*******
*******
*******
*******
*******
*******
*******
*******
*******
*******
*******
*******
STATUS: cutNumber = 32 
STATUS: current for objct 0, and species 0 = 0.000000
STATUS: current for objct 0, and species 1 = 0.000000
STATUS: Potential-check for object 0 : 0.015307
STATUS: total charge = 127.649808 PINC values
STATUS: Object charge = -3.858086e-12 C
STATUS: ====================================================
STATUS: Computing time-step 9
STATUS: Nr. of particles s=0 162082: 
STATUS: Nr. of particles s=1 162591: 
STATUS: avgVel 0.019705
*******
*******
*******
*******
*******
*******
*******
*******
*******
*******
*******
*******
*******
*******
*******
*******
*******
*******
*******
*******
*******
*******
*******
*******
*******
*******
*******
*******
*******
*******
*******
*******
*******
*******
*******
*******
*******
*******
*******
*******
*******
*******
*******
*******
*******
*******
*******
*******
*******
*******
*******
*******
*******
*******
*******
*******
*******
*******
*******
*******
*******
*******
*******
*******
*******
*******
*******
*******
*******
*******
*******
*******
*******
*******
*******
*******
*******
*******
*******
*******
*******
*******
*******
*******
*******
*******
*******
*******
*******
*******
*******
*******
*******
*******
*******
*******
*******
*******
STATUS: cutNumber = 21 
STATUS: current for objct 0, and species 0 = 0.000000
STATUS: current for objct 0, and species 1 = 0.000000
STATUS: Potential-check for object 0 : 0.017341
STATUS: total charge = 149.263340 PINC values
STATUS: Object charge = -4.087279e-12 C
STATUS: ====================================================
STATUS: Computing time-step 10
STATUS: Nr. of particles s=0 162012: 
STATUS: Nr. of particles s=1 162594: 
